Using pre-set license
Built from '2020.3/release' branch; Version is '2020.3.1f1 (77a89f25062f) revision 7841951'; Using compiler version '192528614'; Build Type 'Release'
OS: 'Windows 10 Pro; OS build 22621.2715; Version 2009; 64bit' Language: 'fr' Physical Memory: 16236 MB
BatchMode: 1, IsHumanControllingUs: 0, StartBugReporterOnCrash: 0, Is64bit: 1, IsPro: 0

 COMMAND LINE ARGUMENTS:
C:\Program Files\Unity\Hub\Editor\2020.3.1f1\Editor\Unity.exe
-adb2
-batchMode
-noUpm
-name
AssetImportWorker0
-projectPath
C:/Users/flavi/OneDrive/Documents/projet Unity/Create-with-VR_2020LTS/Create-with-VR_2020LTS/VR Room Project
-logFile
Logs/AssetImportWorker0.log
-srvPort
64584
Successfully changed project path to: C:/Users/flavi/OneDrive/Documents/projet Unity/Create-with-VR_2020LTS/Create-with-VR_2020LTS/VR Room Project
C:/Users/flavi/OneDrive/Documents/projet Unity/Create-with-VR_2020LTS/Create-with-VR_2020LTS/VR Room Project
Using Asset Import Pipeline V2.
Refreshing native plugins compatible for Editor in 458.83 ms, found 8 plugins.
Preloading 1 native plugins for Editor in 0.90 ms.
Initialize engine version: 2020.3.1f1 (77a89f25062f)
[Subsystems] Discovering subsystems at path C:/Program Files/Unity/Hub/Editor/2020.3.1f1/Editor/Data/Resources/UnitySubsystems
[Subsystems] Discovering subsystems at path C:/Users/flavi/OneDrive/Documents/projet Unity/Create-with-VR_2020LTS/Create-with-VR_2020LTS/VR Room Project/Assets
GfxDevice: creating device client; threaded=0
Direct3D:
    Version:  Direct3D 11.0 [level 11.1]
    Renderer: NVIDIA GeForce RTX 3060 Laptop GPU (ID=0x2560)
    Vendor:   
    VRAM:     6009 MB
    Driver:   31.0.15.2799
Shader 'Universal Render Pipeline/Particles/Lit': fallback shader 'Universal Render Pipeline/Particles/SimpleLit' not found
Initialize mono
Mono path[0] = 'C:/Program Files/Unity/Hub/Editor/2020.3.1f1/Editor/Data/Managed'
Mono path[1] = 'C:/Program Files/Unity/Hub/Editor/2020.3.1f1/Editor/Data/MonoBleedingEdge/lib/mono/unityjit'
Mono config path = 'C:/Program Files/Unity/Hub/Editor/2020.3.1f1/Editor/Data/MonoBleedingEdge/etc'
Using monoOptions --debugger-agent=transport=dt_socket,embedding=1,server=y,suspend=n,address=127.0.0.1:56428
Begin MonoManager ReloadAssembly
Registering precompiled unity dll's ...
Register platform support module: C:/Program Files/Unity/Hub/Editor/2020.3.1f1/Editor/Data/PlaybackEngines/WindowsStandaloneSupport/UnityEditor.WindowsStandalone.Extensions.dll
Registered in 0.001620 seconds.
Native extension for WindowsStandalone target not found
Refreshing native plugins compatible for Editor in 74.91 ms, found 8 plugins.
Preloading 1 native plugins for Editor in 0.16 ms.
Invoked RoslynAnalysisRunner static constructor.
RoslynAnalysisRunner will not be running.
RoslynAnalysisRunner has terminated.
Mono: successfully reloaded assembly
- Completed reload, in  2.831 seconds
Platform modules already initialized, skipping
Registering precompiled user dll's ...
Registered in 0.177004 seconds.
Begin MonoManager ReloadAssembly
Native extension for WindowsStandalone target not found
Refreshing native plugins compatible for Editor in 52.01 ms, found 8 plugins.
Preloading 1 native plugins for Editor in 0.11 ms.
Invoked RoslynAnalysisRunner static constructor.
RoslynAnalysisRunner will not be running.
RoslynAnalysisRunner has terminated.
[XR] OculusXRPlugin: registering subsystems
[XR] Unable to register display lifecyle provider: [1]
[XR] Oculus Input lifecycle provider registered.
[XR] Unable to register input lifecyle provider: [1]
NullReferenceException: Object reference not set to an instance of an object
  at Unity.XR.Oculus.OculusLoader.AssetPathToAbsolutePath (System.String assetPath) [0x00048] in C:\Users\flavi\OneDrive\Documents\projet Unity\Create-with-VR_2020LTS\Create-with-VR_2020LTS\VR Room Project\Library\PackageCache\com.unity.xr.oculus@1.8.1\Runtime\OculusLoader.cs:243 
  at Unity.XR.Oculus.OculusLoader.EditorLoadOVRPlugin () [0x0007b] in C:\Users\flavi\OneDrive\Documents\projet Unity\Create-with-VR_2020LTS\Create-with-VR_2020LTS\VR Room Project\Library\PackageCache\com.unity.xr.oculus@1.8.1\Runtime\OculusLoader.cs:228 

(Filename: Library/PackageCache/com.unity.xr.oculus@1.8.1/Runtime/OculusLoader.cs Line: 243)

Mono: successfully reloaded assembly
- Completed reload, in  0.840 seconds
Platform modules already initialized, skipping
========================================================================
Worker process is ready to serve import requests
Shader 'Universal Render Pipeline/Particles/Lit': fallback shader 'Universal Render Pipeline/Particles/SimpleLit' not found
Launched and connected shader compiler UnityShaderCompiler.exe after 0.04 seconds
Refreshing native plugins compatible for Editor in 0.84 ms, found 8 plugins.
Preloading 1 native plugins for Editor in 0.10 ms.
Unloading 3105 Unused Serialized files (Serialized files now loaded: 0)
System memory in use before: 143.6 MB.
System memory in use after: 143.6 MB.

Unloading 26 unused Assets to reduce memory usage. Loaded Objects now: 3542.
Total: 2.688600 ms (FindLiveObjects: 0.492800 ms CreateObjectMapping: 0.149500 ms MarkObjects: 1.973100 ms  DeleteObjects: 0.072200 ms)

========================================================================
Received Import Request.
  path: Assets/LowPolyTableTennis/Prefabs/PingPongBat.prefab
  artifactKey: Guid(f49f097561511dd499970e7f53740fdd) Importer(815301076,1909f56bfc062723c751e8b465ee728b)
Start importing Assets/LowPolyTableTennis/Prefabs/PingPongBat.prefab using Guid(f49f097561511dd499970e7f53740fdd) Importer(815301076,1909f56bfc062723c751e8b465ee728b)  -> (artifact id: 'f96d2f21d913151bb8a99ff67680760a') in 0.190380 seconds
  Import took 0.196332 seconds .

========================================================================
Received Import Request.
  Time since last request: 0.000267 seconds.
  path: Assets/LowPolyTableTennis/Prefabs/PingPongTable.prefab
  artifactKey: Guid(0359ed46faed84f4ab2e4be3e7bc88c5) Importer(815301076,1909f56bfc062723c751e8b465ee728b)
Start importing Assets/LowPolyTableTennis/Prefabs/PingPongTable.prefab using Guid(0359ed46faed84f4ab2e4be3e7bc88c5) Importer(815301076,1909f56bfc062723c751e8b465ee728b)  -> (artifact id: '502ddef8297bb48b5a844ef3a958955d') in 0.016765 seconds
  Import took 0.023100 seconds .

========================================================================
Received Import Request.
  Time since last request: 0.000227 seconds.
  path: Assets/LowPolyTableTennis/Prefabs/Ball.prefab
  artifactKey: Guid(5fecca7fcae2d06439e097fb18e80a25) Importer(815301076,1909f56bfc062723c751e8b465ee728b)
Start importing Assets/LowPolyTableTennis/Prefabs/Ball.prefab using Guid(5fecca7fcae2d06439e097fb18e80a25) Importer(815301076,1909f56bfc062723c751e8b465ee728b)  -> (artifact id: '565faca5b67292ec4900a6dd6b961ed8') in 0.033187 seconds
  Import took 0.038826 seconds .

========================================================================
Received Import Request.
  Time since last request: 43.161092 seconds.
  path: Assets/LowPolyTableTennis/Materials/Bat
  artifactKey: Guid(6665942ef64e29f4fa83b57c684f2eee) Importer(815301076,1909f56bfc062723c751e8b465ee728b)
Start importing Assets/LowPolyTableTennis/Materials/Bat using Guid(6665942ef64e29f4fa83b57c684f2eee) Importer(815301076,1909f56bfc062723c751e8b465ee728b)  -> (artifact id: 'fac8500875bbbfb87133d1ea7fd004cd') in 0.009375 seconds
  Import took 0.014578 seconds .

========================================================================
Received Import Request.
  Time since last request: 5.869794 seconds.
  path: Assets/LowPolyTableTennis/Materials/Table
  artifactKey: Guid(36dd8d9c79377c1489d326ac95d89014) Importer(815301076,1909f56bfc062723c751e8b465ee728b)
Start importing Assets/LowPolyTableTennis/Materials/Table using Guid(36dd8d9c79377c1489d326ac95d89014) Importer(815301076,1909f56bfc062723c751e8b465ee728b)  -> (artifact id: 'e40acffc2ad5044a605649a9a192cd40') in 0.008710 seconds
  Import took 0.014573 seconds .

========================================================================
Received Import Request.
  Time since last request: 1.599743 seconds.
  path: Assets/LowPolyTableTennis/Models/PingPongBat.fbx
  artifactKey: Guid(c724c2cfb7e6cb247b2e89d44ad42631) Importer(815301076,1909f56bfc062723c751e8b465ee728b)
Start importing Assets/LowPolyTableTennis/Models/PingPongBat.fbx using Guid(c724c2cfb7e6cb247b2e89d44ad42631) Importer(815301076,1909f56bfc062723c751e8b465ee728b)  -> (artifact id: '901f5af7b21a4a3b107cd20bb1d5a211') in 0.213126 seconds
  Import took 0.218815 seconds .

========================================================================
Received Import Request.
  Time since last request: 0.000263 seconds.
  path: Assets/LowPolyTableTennis/Models/PingPongTable.fbx
  artifactKey: Guid(0dc266068eea9434b8ba52d2c9837f1e) Importer(815301076,1909f56bfc062723c751e8b465ee728b)
Start importing Assets/LowPolyTableTennis/Models/PingPongTable.fbx using Guid(0dc266068eea9434b8ba52d2c9837f1e) Importer(815301076,1909f56bfc062723c751e8b465ee728b)  -> (artifact id: 'cf2542c1e6b50ebb29424b9f1a041671') in 0.033603 seconds
  Import took 0.040365 seconds .

========================================================================
Received Prepare
Registering precompiled user dll's ...
Registered in 0.005780 seconds.
Begin MonoManager ReloadAssembly
Native extension for WindowsStandalone target not found
Refreshing native plugins compatible for Editor in 0.81 ms, found 8 plugins.
Preloading 1 native plugins for Editor in 0.11 ms.
Invoked RoslynAnalysisRunner static constructor.
RoslynAnalysisRunner will not be running.
RoslynAnalysisRunner has terminated.
NullReferenceException: Object reference not set to an instance of an object
  at Unity.XR.Oculus.OculusLoader.AssetPathToAbsolutePath (System.String assetPath) [0x00048] in C:\Users\flavi\OneDrive\Documents\projet Unity\Create-with-VR_2020LTS\Create-with-VR_2020LTS\VR Room Project\Library\PackageCache\com.unity.xr.oculus@1.8.1\Runtime\OculusLoader.cs:243 
  at Unity.XR.Oculus.OculusLoader.EditorLoadOVRPlugin () [0x0007b] in C:\Users\flavi\OneDrive\Documents\projet Unity\Create-with-VR_2020LTS\Create-with-VR_2020LTS\VR Room Project\Library\PackageCache\com.unity.xr.oculus@1.8.1\Runtime\OculusLoader.cs:228 

(Filename: Library/PackageCache/com.unity.xr.oculus@1.8.1/Runtime/OculusLoader.cs Line: 243)

Mono: successfully reloaded assembly
- Completed reload, in  0.763 seconds
Platform modules already initialized, skipping
Shader 'Universal Render Pipeline/Particles/Lit': fallback shader 'Universal Render Pipeline/Particles/SimpleLit' not found
Refreshing native plugins compatible for Editor in 0.92 ms, found 8 plugins.
Preloading 1 native plugins for Editor in 0.10 ms.
Unloading 2966 Unused Serialized files (Serialized files now loaded: 0)
System memory in use before: 138.7 MB.
System memory in use after: 138.9 MB.

Unloading 19 unused Assets to reduce memory usage. Loaded Objects now: 3627.
Total: 2.852100 ms (FindLiveObjects: 0.472200 ms CreateObjectMapping: 0.137600 ms MarkObjects: 2.211500 ms  DeleteObjects: 0.029600 ms)

